[19:22:02] [ServerMain/INFO]: [bootstrap] Running Java 21 (OpenJDK 64-Bit Server VM 21.0.10; Homebrew Homebrew) on Mac OS X 26.4 (aarch64)
[19:22:02] [ServerMain/INFO]: [bootstrap] Loading Paper 1.21.4-232-ver/1.21.4@12d8fe0 (2025-06-09T10:15:42Z) for Minecraft 1.21.4
[19:22:02] [ServerMain/INFO]: [PluginInitializerManager] Initializing plugins...
[19:22:03] [ServerMain/INFO]: [PluginInitializerManager] Initialized 1 plugin
[19:22:03] [ServerMain/INFO]: [PluginInitializerManager] Bukkit plugins (1):
 - BenWeapons (1.4.2)
[19:22:05] [ServerMain/INFO]: Environment: Environment[sessionHost=https://sessionserver.mojang.com, servicesHost=https://api.minecraftservices.com, name=PROD]
[19:22:05] [ServerMain/INFO]: Found new data pack file/bukkit, loading it automatically
[19:22:05] [ServerMain/INFO]: Found new data pack paper, loading it automatically
[19:22:05] [ServerMain/INFO]: No existing world data, creating new world
[19:22:06] [ServerMain/INFO]: Loaded 1370 recipes
[19:22:06] [ServerMain/INFO]: Loaded 1481 advancements
[19:22:06] [ServerMain/INFO]: [MCTypeRegistry] Initialising converters for DataConverter...
[19:22:06] [ServerMain/INFO]: [MCTypeRegistry] Finished initialising converters for DataConverter in 112.3ms
[19:22:06] [Server thread/INFO]: Starting minecraft server version 1.21.4
[19:22:06] [Server thread/INFO]: Loading properties
[19:22:06] [Server thread/INFO]: This server is running Paper version 1.21.4-232-ver/1.21.4@12d8fe0 (2025-06-09T10:15:42Z) (Implementing API version 1.21.4-R0.1-SNAPSHOT)
[19:22:06] [Server thread/INFO]: [spark] This server bundles the spark profiler. For more information please visit https://docs.papermc.io/paper/profiling
[19:22:06] [Server thread/INFO]: Using 4 threads for Netty based IO
[19:22:06] [Server thread/INFO]: Server Ping Player Sample Count: 12
[19:22:06] [Server thread/INFO]: [MoonriseCommon] Paper is using 2 worker threads, 1 I/O threads
[19:22:06] [Server thread/INFO]: [ChunkTaskScheduler] Chunk system is using population gen parallelism: true
[19:22:06] [Server thread/INFO]: Default game type: SURVIVAL
[19:22:06] [Server thread/INFO]: Generating keypair
[19:22:07] [Server thread/INFO]: Starting Minecraft server on *:25565
[19:22:07] [Server thread/INFO]: Using default channel type
[19:22:07] [Server thread/INFO]: Paper: Using libdeflate (macOS ARM64 / Apple Silicon) compression from Velocity.
[19:22:07] [Server thread/INFO]: Paper: Using native (macOS ARM64 / Apple Silicon) cipher from Velocity.
[19:22:07] [Server thread/INFO]: [BenWeapons] Loading server plugin BenWeapons v1.4.2
[19:22:07] [Server thread/INFO]: Server permissions file permissions.yml is empty, ignoring it
[19:22:07] [Server thread/INFO]: Preparing level "world"
[19:22:11] [Server thread/INFO]: Preparing start region for dimension minecraft:overworld
[19:22:11] [Server thread/INFO]: Preparing spawn area: 2%
[19:22:11] [Server thread/INFO]: Preparing spawn area: 2%
[19:22:12] [Server thread/INFO]: Preparing spawn area: 18%
[19:22:12] [Server thread/INFO]: Preparing spawn area: 51%
[19:22:13] [Server thread/INFO]: Time elapsed: 1987 ms
[19:22:13] [Server thread/INFO]: Preparing start region for dimension minecraft:the_nether
[19:22:13] [Server thread/INFO]: Preparing spawn area: 2%
[19:22:13] [Server thread/INFO]: Preparing spawn area: 61%
[19:22:14] [Server thread/INFO]: Time elapsed: 721 ms
[19:22:14] [Server thread/INFO]: Preparing start region for dimension minecraft:the_end
[19:22:14] [Server thread/INFO]: Preparing spawn area: 2%
[19:22:14] [Server thread/INFO]: Time elapsed: 177 ms
[19:22:14] [Server thread/INFO]: [BenWeapons] Enabling BenWeapons v1.4.2
[19:22:14] [Server thread/INFO]: [BenWeapons] Custom weapon recipes registered!
[19:22:14] [Server thread/INFO]: [BenWeapons] ╔══════════════════════════════════════╗
[19:22:14] [Server thread/INFO]: [BenWeapons] ║   Ben's Custom Weapons — Loaded!     ║
[19:22:14] [Server thread/INFO]: [BenWeapons] ║   Fire Blitz Sword  ✓                ║
[19:22:14] [Server thread/INFO]: [BenWeapons] ║   Lightning Axe     ✓                ║
[19:22:14] [Server thread/INFO]: [BenWeapons] ║   Dash Mace         ✓                ║
[19:22:14] [Server thread/INFO]: [BenWeapons] ╚══════════════════════════════════════╝
[19:22:14] [Server thread/INFO]: [spark] Starting background profiler...
[19:22:16] [Server thread/INFO]: Done preparing level "world" (8.835s)
[19:22:16] [Server thread/INFO]: Starting remote control listener
[19:22:16] [Server thread/INFO]: Thread RCON Listener started
[19:22:16] [Server thread/INFO]: RCON running on 0.0.0.0:25575
[19:22:16] [Server thread/INFO]: Running delayed init tasks
[19:22:16] [Server thread/INFO]: Done (14.696s)! For help, type "help"
[19:22:27] [RCON Listener #1/INFO]: Thread RCON Client /127.0.0.1 started
[19:22:28] [Server thread/INFO]: [Rcon: Made HYPO360 a server operator]
[19:22:29] [RCON Client /127.0.0.1 #2/INFO]: Thread RCON Client /127.0.0.1 shutting down
